<testsuites id="" name="" tests="3" failures="0" skipped="0" errors="3" time="17.130541">
<testsuite name="demoblaze.spec.js" timestamp="2026-08-11T07:04:45.800Z" hostname="chromium" tests="3" failures="0" skipped="0" time="16.171" errors="3">
<testcase name="Demoblaze login › logs in and logs out with valid credentials" classname="demoblaze.spec.js" time="5.39">
<system-out>
<![CDATA[
[[ATTACHMENT|test-results\demoblaze-Demoblaze-login--84390--out-with-valid-credentials-chromium\error-context.md]]
]]>
</system-out>
<error message="page.goto: net::ERR_NETWORK_ACCESS_DENIED at https://demoblaze.com/" type="Error">
<![CDATA[  [chromium] › demoblaze.spec.js:4:9 › Demoblaze login › logs in and logs out with valid credentials 

    Error: page.goto: net::ERR_NETWORK_ACCESS_DENIED at https://demoblaze.com/
    Call log:
      - navigating to "https://demoblaze.com/", waiting until "load"


       at ..\pages\DemoblazeLoginPage.js:15

      13 |
      14 |     async open() {
    > 15 |         await this.page.goto("https://demoblaze.com/");
         |                         ^
      16 |     }
      17 |
      18 |     async openLoginDialog() {
        at DemoblazeLoginPage.open (F:\PLAYWRIGHT_NARESHIT\Practice18_AZUREMYSQLGMAIL\pages\DemoblazeLoginPage.js:15:25)
        at F:\PLAYWRIGHT_NARESHIT\Practice18_AZUREMYSQLGMAIL\tests\demoblaze.spec.js:5:25

    Error Context: ..\test-results\demoblaze-Demoblaze-login--84390--out-with-valid-credentials-chromium\error-context.md
]]>
</error>
</testcase>
<testcase name="Demoblaze login › does not log in with incorrect password" classname="demoblaze.spec.js" time="5.388">
<system-out>
<![CDATA[
[[ATTACHMENT|test-results\demoblaze-Demoblaze-login--5fea2--in-with-incorrect-password-chromium\error-context.md]]
]]>
</system-out>
<error message="page.goto: net::ERR_NETWORK_ACCESS_DENIED at https://demoblaze.com/" type="Error">
<![CDATA[  [chromium] › demoblaze.spec.js:13:13 › Demoblaze login › does not log in with incorrect password ─

    Error: page.goto: net::ERR_NETWORK_ACCESS_DENIED at https://demoblaze.com/
    Call log:
      - navigating to "https://demoblaze.com/", waiting until "load"


       at ..\pages\DemoblazeLoginPage.js:15

      13 |
      14 |     async open() {
    > 15 |         await this.page.goto("https://demoblaze.com/");
         |                         ^
      16 |     }
      17 |
      18 |     async openLoginDialog() {
        at DemoblazeLoginPage.open (F:\PLAYWRIGHT_NARESHIT\Practice18_AZUREMYSQLGMAIL\pages\DemoblazeLoginPage.js:15:25)
        at F:\PLAYWRIGHT_NARESHIT\Practice18_AZUREMYSQLGMAIL\tests\demoblaze.spec.js:14:29

    Error Context: ..\test-results\demoblaze-Demoblaze-login--5fea2--in-with-incorrect-password-chromium\error-context.md
]]>
</error>
</testcase>
<testcase name="Demoblaze login › does not log in with unknown user" classname="demoblaze.spec.js" time="5.393">
<system-out>
<![CDATA[
[[ATTACHMENT|test-results\demoblaze-Demoblaze-login-does-not-log-in-with-unknown-user-chromium\error-context.md]]
]]>
</system-out>
<error message="page.goto: net::ERR_NETWORK_ACCESS_DENIED at https://demoblaze.com/" type="Error">
<![CDATA[  [chromium] › demoblaze.spec.js:13:13 › Demoblaze login › does not log in with unknown user ───────

    Error: page.goto: net::ERR_NETWORK_ACCESS_DENIED at https://demoblaze.com/
    Call log:
      - navigating to "https://demoblaze.com/", waiting until "load"


       at ..\pages\DemoblazeLoginPage.js:15

      13 |
      14 |     async open() {
    > 15 |         await this.page.goto("https://demoblaze.com/");
         |                         ^
      16 |     }
      17 |
      18 |     async openLoginDialog() {
        at DemoblazeLoginPage.open (F:\PLAYWRIGHT_NARESHIT\Practice18_AZUREMYSQLGMAIL\pages\DemoblazeLoginPage.js:15:25)
        at F:\PLAYWRIGHT_NARESHIT\Practice18_AZUREMYSQLGMAIL\tests\demoblaze.spec.js:14:29

    Error Context: ..\test-results\demoblaze-Demoblaze-login-does-not-log-in-with-unknown-user-chromium\error-context.md
]]>
</error>
</testcase>
</testsuite>
</testsuites>